-- int8 check
-- SELECT pg_sleep(20);
CREATE TABLE int8tmp_2 (a int8);
\copy int8tmp_2 from 'data/int8.data'
SET enable_seqscan=on;
SELECT count(*) FROM int8tmp_2 WHERE a <  464571291354841;
 count 
-------
   276
(1 row)

SELECT count(*) FROM int8tmp_2 WHERE a <= 464571291354841;
 count 
-------
   277
(1 row)

SELECT count(*) FROM int8tmp_2 WHERE a  = 464571291354841;
 count 
-------
     1
(1 row)

SELECT count(*) FROM int8tmp_2 WHERE a >= 464571291354841;
 count 
-------
   271
(1 row)

SELECT count(*) FROM int8tmp_2 WHERE a >  464571291354841;
 count 
-------
   270
(1 row)

SELECT a, a <-> 464571291354841 FROM int8tmp_2 WHERE a <@ (464571291354841, 4);
        a        | ?column? 
-----------------+----------
 464571291354841 |        0
(1 row)

EXPLAIN (COSTS OFF)
SELECT a, a <-> 464571291354841 FROM int8tmp_2 WHERE a <@ (464571291354841, 4);
                          QUERY PLAN                          
--------------------------------------------------------------
 Seq Scan on int8tmp_2
   Filter: (a <@ ROW('464571291354841'::bigint, '4'::bigint))
(2 rows)

\copy int8tmp_2 from 'data/incr.data'
CREATE INDEX int8idx_2 ON int8tmp_2 USING spgist ( a bktree_ops );
-- \copy int8tmp_2 from 'data/test_data_1.data'
-- \copy int8tmp_2 from 'data/int8.data'
SET enable_seqscan=off;
SELECT count(*) FROM int8tmp_2 WHERE a <  464571291354841::int8;
 count 
-------
     0
(1 row)

SELECT count(*) FROM int8tmp_2 WHERE a <= 464571291354841::int8;
 count 
-------
     0
(1 row)

SELECT count(*) FROM int8tmp_2 WHERE a >= 464571291354841::int8;
 count 
-------
     0
(1 row)

SELECT count(*) FROM int8tmp_2 WHERE a >  464571291354841::int8;
 count 
-------
     0
(1 row)

SELECT count(*) FROM int8tmp_2 WHERE a  = 464571291354841::int8;
ERROR:  unrecognized strategy number: 2
EXPLAIN (COSTS OFF)
SELECT a, a <-> 464571291354841, a <@ (464571291354841, 4), int64_to_bitstring(a) FROM int8tmp_2 WHERE a <@ (464571291354841, 4);
                            QUERY PLAN                            
------------------------------------------------------------------
 Index Only Scan using int8idx_2 on int8tmp_2
   Index Cond: (a <@ ROW('464571291354841'::bigint, '4'::bigint))
(2 rows)

EXPLAIN (COSTS OFF)
SELECT a, a <-> 464571291354841, a <@ (464571291354841, 4), int64_to_bitstring(a) FROM int8tmp_2 WHERE a <@ (464571291354841, 4) ORDER BY a <-> 464571291354841 ASC;
                               QUERY PLAN                               
------------------------------------------------------------------------
 Sort
   Sort Key: ((a <-> '464571291354841'::bigint))
   ->  Index Only Scan using int8idx_2 on int8tmp_2
         Index Cond: (a <@ ROW('464571291354841'::bigint, '4'::bigint))
(4 rows)

SELECT a, a <->  10, a <@ ( 10, 4), int64_to_bitstring(a) FROM int8tmp_2 WHERE a <@ ( 10, 4) ORDER BY a <->  10 ASC, a ASC;
  a  | ?column? | ?column? |                        int64_to_bitstring                        
-----+----------+----------+------------------------------------------------------------------
  10 |        0 | t        | 0000000000000000000000000000000000000000000000000000000000001010
   2 |        1 | t        | 0000000000000000000000000000000000000000000000000000000000000010
   8 |        1 | t        | 0000000000000000000000000000000000000000000000000000000000001000
  11 |        1 | t        | 0000000000000000000000000000000000000000000000000000000000001011
  14 |        1 | t        | 0000000000000000000000000000000000000000000000000000000000001110
  26 |        1 | t        | 0000000000000000000000000000000000000000000000000000000000011010
  42 |        1 | t        | 0000000000000000000000000000000000000000000000000000000000101010
  74 |        1 | t        | 0000000000000000000000000000000000000000000000000000000001001010
 138 |        1 | t        | 0000000000000000000000000000000000000000000000000000000010001010
 266 |        1 | t        | 0000000000000000000000000000000000000000000000000000000100001010
   0 |        2 | t        | 0000000000000000000000000000000000000000000000000000000000000000
   3 |        2 | t        | 0000000000000000000000000000000000000000000000000000000000000011
   6 |        2 | t        | 0000000000000000000000000000000000000000000000000000000000000110
   9 |        2 | t        | 0000000000000000000000000000000000000000000000000000000000001001
  12 |        2 | t        | 0000000000000000000000000000000000000000000000000000000000001100
  15 |        2 | t        | 0000000000000000000000000000000000000000000000000000000000001111
  18 |        2 | t        | 0000000000000000000000000000000000000000000000000000000000010010
  24 |        2 | t        | 0000000000000000000000000000000000000000000000000000000000011000
  27 |        2 | t        | 0000000000000000000000000000000000000000000000000000000000011011
  30 |        2 | t        | 0000000000000000000000000000000000000000000000000000000000011110
  34 |        2 | t        | 0000000000000000000000000000000000000000000000000000000000100010
  40 |        2 | t        | 0000000000000000000000000000000000000000000000000000000000101000
  43 |        2 | t        | 0000000000000000000000000000000000000000000000000000000000101011
  46 |        2 | t        | 0000000000000000000000000000000000000000000000000000000000101110
  58 |        2 | t        | 0000000000000000000000000000000000000000000000000000000000111010
  66 |        2 | t        | 0000000000000000000000000000000000000000000000000000000001000010
  72 |        2 | t        | 0000000000000000000000000000000000000000000000000000000001001000
  75 |        2 | t        | 0000000000000000000000000000000000000000000000000000000001001011
  78 |        2 | t        | 0000000000000000000000000000000000000000000000000000000001001110
  90 |        2 | t        | 0000000000000000000000000000000000000000000000000000000001011010
 106 |        2 | t        | 0000000000000000000000000000000000000000000000000000000001101010
 130 |        2 | t        | 0000000000000000000000000000000000000000000000000000000010000010
 136 |        2 | t        | 0000000000000000000000000000000000000000000000000000000010001000
 139 |        2 | t        | 0000000000000000000000000000000000000000000000000000000010001011
 142 |        2 | t        | 0000000000000000000000000000000000000000000000000000000010001110
 154 |        2 | t        | 0000000000000000000000000000000000000000000000000000000010011010
 170 |        2 | t        | 0000000000000000000000000000000000000000000000000000000010101010
 202 |        2 | t        | 0000000000000000000000000000000000000000000000000000000011001010
 258 |        2 | t        | 0000000000000000000000000000000000000000000000000000000100000010
 264 |        2 | t        | 0000000000000000000000000000000000000000000000000000000100001000
 267 |        2 | t        | 0000000000000000000000000000000000000000000000000000000100001011
 270 |        2 | t        | 0000000000000000000000000000000000000000000000000000000100001110
 282 |        2 | t        | 0000000000000000000000000000000000000000000000000000000100011010
 298 |        2 | t        | 0000000000000000000000000000000000000000000000000000000100101010
 330 |        2 | t        | 0000000000000000000000000000000000000000000000000000000101001010
 394 |        2 | t        | 0000000000000000000000000000000000000000000000000000000110001010
   1 |        3 | t        | 0000000000000000000000000000000000000000000000000000000000000001
   4 |        3 | t        | 0000000000000000000000000000000000000000000000000000000000000100
   7 |        3 | t        | 0000000000000000000000000000000000000000000000000000000000000111
  13 |        3 | t        | 0000000000000000000000000000000000000000000000000000000000001101
  16 |        3 | t        | 0000000000000000000000000000000000000000000000000000000000010000
  19 |        3 | t        | 0000000000000000000000000000000000000000000000000000000000010011
  22 |        3 | t        | 0000000000000000000000000000000000000000000000000000000000010110
  25 |        3 | t        | 0000000000000000000000000000000000000000000000000000000000011001
  28 |        3 | t        | 0000000000000000000000000000000000000000000000000000000000011100
  31 |        3 | t        | 0000000000000000000000000000000000000000000000000000000000011111
  32 |        3 | t        | 0000000000000000000000000000000000000000000000000000000000100000
  35 |        3 | t        | 0000000000000000000000000000000000000000000000000000000000100011
  38 |        3 | t        | 0000000000000000000000000000000000000000000000000000000000100110
  41 |        3 | t        | 0000000000000000000000000000000000000000000000000000000000101001
  44 |        3 | t        | 0000000000000000000000000000000000000000000000000000000000101100
  47 |        3 | t        | 0000000000000000000000000000000000000000000000000000000000101111
  50 |        3 | t        | 0000000000000000000000000000000000000000000000000000000000110010
  56 |        3 | t        | 0000000000000000000000000000000000000000000000000000000000111000
  59 |        3 | t        | 0000000000000000000000000000000000000000000000000000000000111011
  62 |        3 | t        | 0000000000000000000000000000000000000000000000000000000000111110
  64 |        3 | t        | 0000000000000000000000000000000000000000000000000000000001000000
  67 |        3 | t        | 0000000000000000000000000000000000000000000000000000000001000011
  70 |        3 | t        | 0000000000000000000000000000000000000000000000000000000001000110
  73 |        3 | t        | 0000000000000000000000000000000000000000000000000000000001001001
  76 |        3 | t        | 0000000000000000000000000000000000000000000000000000000001001100
  79 |        3 | t        | 0000000000000000000000000000000000000000000000000000000001001111
  82 |        3 | t        | 0000000000000000000000000000000000000000000000000000000001010010
  88 |        3 | t        | 0000000000000000000000000000000000000000000000000000000001011000
  91 |        3 | t        | 0000000000000000000000000000000000000000000000000000000001011011
  94 |        3 | t        | 0000000000000000000000000000000000000000000000000000000001011110
  98 |        3 | t        | 0000000000000000000000000000000000000000000000000000000001100010
 104 |        3 | t        | 0000000000000000000000000000000000000000000000000000000001101000
 107 |        3 | t        | 0000000000000000000000000000000000000000000000000000000001101011
 110 |        3 | t        | 0000000000000000000000000000000000000000000000000000000001101110
 122 |        3 | t        | 0000000000000000000000000000000000000000000000000000000001111010
 128 |        3 | t        | 0000000000000000000000000000000000000000000000000000000010000000
 131 |        3 | t        | 0000000000000000000000000000000000000000000000000000000010000011
 134 |        3 | t        | 0000000000000000000000000000000000000000000000000000000010000110
 137 |        3 | t        | 0000000000000000000000000000000000000000000000000000000010001001
 140 |        3 | t        | 0000000000000000000000000000000000000000000000000000000010001100
 143 |        3 | t        | 0000000000000000000000000000000000000000000000000000000010001111
 146 |        3 | t        | 0000000000000000000000000000000000000000000000000000000010010010
 152 |        3 | t        | 0000000000000000000000000000000000000000000000000000000010011000
 155 |        3 | t        | 0000000000000000000000000000000000000000000000000000000010011011
 158 |        3 | t        | 0000000000000000000000000000000000000000000000000000000010011110
 162 |        3 | t        | 0000000000000000000000000000000000000000000000000000000010100010
 168 |        3 | t        | 0000000000000000000000000000000000000000000000000000000010101000
 171 |        3 | t        | 0000000000000000000000000000000000000000000000000000000010101011
 174 |        3 | t        | 0000000000000000000000000000000000000000000000000000000010101110
 186 |        3 | t        | 0000000000000000000000000000000000000000000000000000000010111010
 194 |        3 | t        | 0000000000000000000000000000000000000000000000000000000011000010
 200 |        3 | t        | 0000000000000000000000000000000000000000000000000000000011001000
 203 |        3 | t        | 0000000000000000000000000000000000000000000000000000000011001011
 206 |        3 | t        | 0000000000000000000000000000000000000000000000000000000011001110
 218 |        3 | t        | 0000000000000000000000000000000000000000000000000000000011011010
 234 |        3 | t        | 0000000000000000000000000000000000000000000000000000000011101010
 256 |        3 | t        | 0000000000000000000000000000000000000000000000000000000100000000
 259 |        3 | t        | 0000000000000000000000000000000000000000000000000000000100000011
 262 |        3 | t        | 0000000000000000000000000000000000000000000000000000000100000110
 265 |        3 | t        | 0000000000000000000000000000000000000000000000000000000100001001
 268 |        3 | t        | 0000000000000000000000000000000000000000000000000000000100001100
 271 |        3 | t        | 0000000000000000000000000000000000000000000000000000000100001111
 274 |        3 | t        | 0000000000000000000000000000000000000000000000000000000100010010
 280 |        3 | t        | 0000000000000000000000000000000000000000000000000000000100011000
 283 |        3 | t        | 0000000000000000000000000000000000000000000000000000000100011011
 286 |        3 | t        | 0000000000000000000000000000000000000000000000000000000100011110
 290 |        3 | t        | 0000000000000000000000000000000000000000000000000000000100100010
 296 |        3 | t        | 0000000000000000000000000000000000000000000000000000000100101000
 299 |        3 | t        | 0000000000000000000000000000000000000000000000000000000100101011
 302 |        3 | t        | 0000000000000000000000000000000000000000000000000000000100101110
 314 |        3 | t        | 0000000000000000000000000000000000000000000000000000000100111010
 322 |        3 | t        | 0000000000000000000000000000000000000000000000000000000101000010
 328 |        3 | t        | 0000000000000000000000000000000000000000000000000000000101001000
 331 |        3 | t        | 0000000000000000000000000000000000000000000000000000000101001011
 334 |        3 | t        | 0000000000000000000000000000000000000000000000000000000101001110
 346 |        3 | t        | 0000000000000000000000000000000000000000000000000000000101011010
 362 |        3 | t        | 0000000000000000000000000000000000000000000000000000000101101010
 386 |        3 | t        | 0000000000000000000000000000000000000000000000000000000110000010
 392 |        3 | t        | 0000000000000000000000000000000000000000000000000000000110001000
 395 |        3 | t        | 0000000000000000000000000000000000000000000000000000000110001011
 398 |        3 | t        | 0000000000000000000000000000000000000000000000000000000110001110
 410 |        3 | t        | 0000000000000000000000000000000000000000000000000000000110011010
 426 |        3 | t        | 0000000000000000000000000000000000000000000000000000000110101010
 458 |        3 | t        | 0000000000000000000000000000000000000000000000000000000111001010
   5 |        4 | t        | 0000000000000000000000000000000000000000000000000000000000000101
  17 |        4 | t        | 0000000000000000000000000000000000000000000000000000000000010001
  20 |        4 | t        | 0000000000000000000000000000000000000000000000000000000000010100
  23 |        4 | t        | 0000000000000000000000000000000000000000000000000000000000010111
  29 |        4 | t        | 0000000000000000000000000000000000000000000000000000000000011101
  33 |        4 | t        | 0000000000000000000000000000000000000000000000000000000000100001
  36 |        4 | t        | 0000000000000000000000000000000000000000000000000000000000100100
  39 |        4 | t        | 0000000000000000000000000000000000000000000000000000000000100111
  45 |        4 | t        | 0000000000000000000000000000000000000000000000000000000000101101
  48 |        4 | t        | 0000000000000000000000000000000000000000000000000000000000110000
  51 |        4 | t        | 0000000000000000000000000000000000000000000000000000000000110011
  54 |        4 | t        | 0000000000000000000000000000000000000000000000000000000000110110
  57 |        4 | t        | 0000000000000000000000000000000000000000000000000000000000111001
  60 |        4 | t        | 0000000000000000000000000000000000000000000000000000000000111100
  63 |        4 | t        | 0000000000000000000000000000000000000000000000000000000000111111
  65 |        4 | t        | 0000000000000000000000000000000000000000000000000000000001000001
  68 |        4 | t        | 0000000000000000000000000000000000000000000000000000000001000100
  71 |        4 | t        | 0000000000000000000000000000000000000000000000000000000001000111
  77 |        4 | t        | 0000000000000000000000000000000000000000000000000000000001001101
  80 |        4 | t        | 0000000000000000000000000000000000000000000000000000000001010000
  83 |        4 | t        | 0000000000000000000000000000000000000000000000000000000001010011
  86 |        4 | t        | 0000000000000000000000000000000000000000000000000000000001010110
  89 |        4 | t        | 0000000000000000000000000000000000000000000000000000000001011001
  92 |        4 | t        | 0000000000000000000000000000000000000000000000000000000001011100
  95 |        4 | t        | 0000000000000000000000000000000000000000000000000000000001011111
  96 |        4 | t        | 0000000000000000000000000000000000000000000000000000000001100000
  99 |        4 | t        | 0000000000000000000000000000000000000000000000000000000001100011
 102 |        4 | t        | 0000000000000000000000000000000000000000000000000000000001100110
 105 |        4 | t        | 0000000000000000000000000000000000000000000000000000000001101001
 108 |        4 | t        | 0000000000000000000000000000000000000000000000000000000001101100
 111 |        4 | t        | 0000000000000000000000000000000000000000000000000000000001101111
 114 |        4 | t        | 0000000000000000000000000000000000000000000000000000000001110010
 120 |        4 | t        | 0000000000000000000000000000000000000000000000000000000001111000
 123 |        4 | t        | 0000000000000000000000000000000000000000000000000000000001111011
 126 |        4 | t        | 0000000000000000000000000000000000000000000000000000000001111110
 129 |        4 | t        | 0000000000000000000000000000000000000000000000000000000010000001
 132 |        4 | t        | 0000000000000000000000000000000000000000000000000000000010000100
 135 |        4 | t        | 0000000000000000000000000000000000000000000000000000000010000111
 141 |        4 | t        | 0000000000000000000000000000000000000000000000000000000010001101
 144 |        4 | t        | 0000000000000000000000000000000000000000000000000000000010010000
 147 |        4 | t        | 0000000000000000000000000000000000000000000000000000000010010011
 150 |        4 | t        | 0000000000000000000000000000000000000000000000000000000010010110
 153 |        4 | t        | 0000000000000000000000000000000000000000000000000000000010011001
 156 |        4 | t        | 0000000000000000000000000000000000000000000000000000000010011100
 159 |        4 | t        | 0000000000000000000000000000000000000000000000000000000010011111
 160 |        4 | t        | 0000000000000000000000000000000000000000000000000000000010100000
 163 |        4 | t        | 0000000000000000000000000000000000000000000000000000000010100011
 166 |        4 | t        | 0000000000000000000000000000000000000000000000000000000010100110
 169 |        4 | t        | 0000000000000000000000000000000000000000000000000000000010101001
 172 |        4 | t        | 0000000000000000000000000000000000000000000000000000000010101100
 175 |        4 | t        | 0000000000000000000000000000000000000000000000000000000010101111
 178 |        4 | t        | 0000000000000000000000000000000000000000000000000000000010110010
 184 |        4 | t        | 0000000000000000000000000000000000000000000000000000000010111000
 187 |        4 | t        | 0000000000000000000000000000000000000000000000000000000010111011
 190 |        4 | t        | 0000000000000000000000000000000000000000000000000000000010111110
 192 |        4 | t        | 0000000000000000000000000000000000000000000000000000000011000000
 195 |        4 | t        | 0000000000000000000000000000000000000000000000000000000011000011
 198 |        4 | t        | 0000000000000000000000000000000000000000000000000000000011000110
 201 |        4 | t        | 0000000000000000000000000000000000000000000000000000000011001001
 204 |        4 | t        | 0000000000000000000000000000000000000000000000000000000011001100
 207 |        4 | t        | 0000000000000000000000000000000000000000000000000000000011001111
 210 |        4 | t        | 0000000000000000000000000000000000000000000000000000000011010010
 216 |        4 | t        | 0000000000000000000000000000000000000000000000000000000011011000
 219 |        4 | t        | 0000000000000000000000000000000000000000000000000000000011011011
 222 |        4 | t        | 0000000000000000000000000000000000000000000000000000000011011110
 226 |        4 | t        | 0000000000000000000000000000000000000000000000000000000011100010
 232 |        4 | t        | 0000000000000000000000000000000000000000000000000000000011101000
 235 |        4 | t        | 0000000000000000000000000000000000000000000000000000000011101011
 238 |        4 | t        | 0000000000000000000000000000000000000000000000000000000011101110
 250 |        4 | t        | 0000000000000000000000000000000000000000000000000000000011111010
 257 |        4 | t        | 0000000000000000000000000000000000000000000000000000000100000001
 260 |        4 | t        | 0000000000000000000000000000000000000000000000000000000100000100
 263 |        4 | t        | 0000000000000000000000000000000000000000000000000000000100000111
 269 |        4 | t        | 0000000000000000000000000000000000000000000000000000000100001101
 272 |        4 | t        | 0000000000000000000000000000000000000000000000000000000100010000
 275 |        4 | t        | 0000000000000000000000000000000000000000000000000000000100010011
 278 |        4 | t        | 0000000000000000000000000000000000000000000000000000000100010110
 281 |        4 | t        | 0000000000000000000000000000000000000000000000000000000100011001
 284 |        4 | t        | 0000000000000000000000000000000000000000000000000000000100011100
 287 |        4 | t        | 0000000000000000000000000000000000000000000000000000000100011111
 288 |        4 | t        | 0000000000000000000000000000000000000000000000000000000100100000
 291 |        4 | t        | 0000000000000000000000000000000000000000000000000000000100100011
 294 |        4 | t        | 0000000000000000000000000000000000000000000000000000000100100110
 297 |        4 | t        | 0000000000000000000000000000000000000000000000000000000100101001
 300 |        4 | t        | 0000000000000000000000000000000000000000000000000000000100101100
 303 |        4 | t        | 0000000000000000000000000000000000000000000000000000000100101111
 306 |        4 | t        | 0000000000000000000000000000000000000000000000000000000100110010
 312 |        4 | t        | 0000000000000000000000000000000000000000000000000000000100111000
 315 |        4 | t        | 0000000000000000000000000000000000000000000000000000000100111011
 318 |        4 | t        | 0000000000000000000000000000000000000000000000000000000100111110
 320 |        4 | t        | 0000000000000000000000000000000000000000000000000000000101000000
 323 |        4 | t        | 0000000000000000000000000000000000000000000000000000000101000011
 326 |        4 | t        | 0000000000000000000000000000000000000000000000000000000101000110
 329 |        4 | t        | 0000000000000000000000000000000000000000000000000000000101001001
 332 |        4 | t        | 0000000000000000000000000000000000000000000000000000000101001100
 335 |        4 | t        | 0000000000000000000000000000000000000000000000000000000101001111
 338 |        4 | t        | 0000000000000000000000000000000000000000000000000000000101010010
 344 |        4 | t        | 0000000000000000000000000000000000000000000000000000000101011000
 347 |        4 | t        | 0000000000000000000000000000000000000000000000000000000101011011
 350 |        4 | t        | 0000000000000000000000000000000000000000000000000000000101011110
 354 |        4 | t        | 0000000000000000000000000000000000000000000000000000000101100010
 360 |        4 | t        | 0000000000000000000000000000000000000000000000000000000101101000
 363 |        4 | t        | 0000000000000000000000000000000000000000000000000000000101101011
 366 |        4 | t        | 0000000000000000000000000000000000000000000000000000000101101110
 378 |        4 | t        | 0000000000000000000000000000000000000000000000000000000101111010
 384 |        4 | t        | 0000000000000000000000000000000000000000000000000000000110000000
 387 |        4 | t        | 0000000000000000000000000000000000000000000000000000000110000011
 390 |        4 | t        | 0000000000000000000000000000000000000000000000000000000110000110
 393 |        4 | t        | 0000000000000000000000000000000000000000000000000000000110001001
 396 |        4 | t        | 0000000000000000000000000000000000000000000000000000000110001100
 399 |        4 | t        | 0000000000000000000000000000000000000000000000000000000110001111
 402 |        4 | t        | 0000000000000000000000000000000000000000000000000000000110010010
 408 |        4 | t        | 0000000000000000000000000000000000000000000000000000000110011000
 411 |        4 | t        | 0000000000000000000000000000000000000000000000000000000110011011
 414 |        4 | t        | 0000000000000000000000000000000000000000000000000000000110011110
 418 |        4 | t        | 0000000000000000000000000000000000000000000000000000000110100010
 424 |        4 | t        | 0000000000000000000000000000000000000000000000000000000110101000
 427 |        4 | t        | 0000000000000000000000000000000000000000000000000000000110101011
 430 |        4 | t        | 0000000000000000000000000000000000000000000000000000000110101110
 442 |        4 | t        | 0000000000000000000000000000000000000000000000000000000110111010
 450 |        4 | t        | 0000000000000000000000000000000000000000000000000000000111000010
 456 |        4 | t        | 0000000000000000000000000000000000000000000000000000000111001000
 459 |        4 | t        | 0000000000000000000000000000000000000000000000000000000111001011
 462 |        4 | t        | 0000000000000000000000000000000000000000000000000000000111001110
 474 |        4 | t        | 0000000000000000000000000000000000000000000000000000000111011010
 490 |        4 | t        | 0000000000000000000000000000000000000000000000000000000111101010
(256 rows)

SELECT a, a <-> 100, a <@ (100, 4), int64_to_bitstring(a) FROM int8tmp_2 WHERE a <@ (100, 4) ORDER BY a <-> 100 ASC, a ASC;
  a  | ?column? | ?column? |                        int64_to_bitstring                        
-----+----------+----------+------------------------------------------------------------------
 100 |        0 | t        | 0000000000000000000000000000000000000000000000000000000001100100
  36 |        1 | t        | 0000000000000000000000000000000000000000000000000000000000100100
  68 |        1 | t        | 0000000000000000000000000000000000000000000000000000000001000100
  96 |        1 | t        | 0000000000000000000000000000000000000000000000000000000001100000
 101 |        1 | t        | 0000000000000000000000000000000000000000000000000000000001100101
 102 |        1 | t        | 0000000000000000000000000000000000000000000000000000000001100110
 108 |        1 | t        | 0000000000000000000000000000000000000000000000000000000001101100
 116 |        1 | t        | 0000000000000000000000000000000000000000000000000000000001110100
 228 |        1 | t        | 0000000000000000000000000000000000000000000000000000000011100100
 356 |        1 | t        | 0000000000000000000000000000000000000000000000000000000101100100
   4 |        2 | t        | 0000000000000000000000000000000000000000000000000000000000000100
  32 |        2 | t        | 0000000000000000000000000000000000000000000000000000000000100000
  37 |        2 | t        | 0000000000000000000000000000000000000000000000000000000000100101
  38 |        2 | t        | 0000000000000000000000000000000000000000000000000000000000100110
  44 |        2 | t        | 0000000000000000000000000000000000000000000000000000000000101100
  52 |        2 | t        | 0000000000000000000000000000000000000000000000000000000000110100
  64 |        2 | t        | 0000000000000000000000000000000000000000000000000000000001000000
  69 |        2 | t        | 0000000000000000000000000000000000000000000000000000000001000101
  70 |        2 | t        | 0000000000000000000000000000000000000000000000000000000001000110
  76 |        2 | t        | 0000000000000000000000000000000000000000000000000000000001001100
  84 |        2 | t        | 0000000000000000000000000000000000000000000000000000000001010100
  97 |        2 | t        | 0000000000000000000000000000000000000000000000000000000001100001
  98 |        2 | t        | 0000000000000000000000000000000000000000000000000000000001100010
 103 |        2 | t        | 0000000000000000000000000000000000000000000000000000000001100111
 104 |        2 | t        | 0000000000000000000000000000000000000000000000000000000001101000
 109 |        2 | t        | 0000000000000000000000000000000000000000000000000000000001101101
 110 |        2 | t        | 0000000000000000000000000000000000000000000000000000000001101110
 112 |        2 | t        | 0000000000000000000000000000000000000000000000000000000001110000
 117 |        2 | t        | 0000000000000000000000000000000000000000000000000000000001110101
 118 |        2 | t        | 0000000000000000000000000000000000000000000000000000000001110110
 124 |        2 | t        | 0000000000000000000000000000000000000000000000000000000001111100
 164 |        2 | t        | 0000000000000000000000000000000000000000000000000000000010100100
 196 |        2 | t        | 0000000000000000000000000000000000000000000000000000000011000100
 224 |        2 | t        | 0000000000000000000000000000000000000000000000000000000011100000
 229 |        2 | t        | 0000000000000000000000000000000000000000000000000000000011100101
 230 |        2 | t        | 0000000000000000000000000000000000000000000000000000000011100110
 236 |        2 | t        | 0000000000000000000000000000000000000000000000000000000011101100
 244 |        2 | t        | 0000000000000000000000000000000000000000000000000000000011110100
 292 |        2 | t        | 0000000000000000000000000000000000000000000000000000000100100100
 324 |        2 | t        | 0000000000000000000000000000000000000000000000000000000101000100
 352 |        2 | t        | 0000000000000000000000000000000000000000000000000000000101100000
 357 |        2 | t        | 0000000000000000000000000000000000000000000000000000000101100101
 358 |        2 | t        | 0000000000000000000000000000000000000000000000000000000101100110
 364 |        2 | t        | 0000000000000000000000000000000000000000000000000000000101101100
 372 |        2 | t        | 0000000000000000000000000000000000000000000000000000000101110100
 484 |        2 | t        | 0000000000000000000000000000000000000000000000000000000111100100
   0 |        3 | t        | 0000000000000000000000000000000000000000000000000000000000000000
   5 |        3 | t        | 0000000000000000000000000000000000000000000000000000000000000101
   6 |        3 | t        | 0000000000000000000000000000000000000000000000000000000000000110
  12 |        3 | t        | 0000000000000000000000000000000000000000000000000000000000001100
  20 |        3 | t        | 0000000000000000000000000000000000000000000000000000000000010100
  33 |        3 | t        | 0000000000000000000000000000000000000000000000000000000000100001
  34 |        3 | t        | 0000000000000000000000000000000000000000000000000000000000100010
  39 |        3 | t        | 0000000000000000000000000000000000000000000000000000000000100111
  40 |        3 | t        | 0000000000000000000000000000000000000000000000000000000000101000
  45 |        3 | t        | 0000000000000000000000000000000000000000000000000000000000101101
  46 |        3 | t        | 0000000000000000000000000000000000000000000000000000000000101110
  48 |        3 | t        | 0000000000000000000000000000000000000000000000000000000000110000
  53 |        3 | t        | 0000000000000000000000000000000000000000000000000000000000110101
  54 |        3 | t        | 0000000000000000000000000000000000000000000000000000000000110110
  60 |        3 | t        | 0000000000000000000000000000000000000000000000000000000000111100
  65 |        3 | t        | 0000000000000000000000000000000000000000000000000000000001000001
  66 |        3 | t        | 0000000000000000000000000000000000000000000000000000000001000010
  71 |        3 | t        | 0000000000000000000000000000000000000000000000000000000001000111
  72 |        3 | t        | 0000000000000000000000000000000000000000000000000000000001001000
  77 |        3 | t        | 0000000000000000000000000000000000000000000000000000000001001101
  78 |        3 | t        | 0000000000000000000000000000000000000000000000000000000001001110
  80 |        3 | t        | 0000000000000000000000000000000000000000000000000000000001010000
  85 |        3 | t        | 0000000000000000000000000000000000000000000000000000000001010101
  86 |        3 | t        | 0000000000000000000000000000000000000000000000000000000001010110
  92 |        3 | t        | 0000000000000000000000000000000000000000000000000000000001011100
  99 |        3 | t        | 0000000000000000000000000000000000000000000000000000000001100011
 105 |        3 | t        | 0000000000000000000000000000000000000000000000000000000001101001
 106 |        3 | t        | 0000000000000000000000000000000000000000000000000000000001101010
 111 |        3 | t        | 0000000000000000000000000000000000000000000000000000000001101111
 113 |        3 | t        | 0000000000000000000000000000000000000000000000000000000001110001
 114 |        3 | t        | 0000000000000000000000000000000000000000000000000000000001110010
 119 |        3 | t        | 0000000000000000000000000000000000000000000000000000000001110111
 120 |        3 | t        | 0000000000000000000000000000000000000000000000000000000001111000
 125 |        3 | t        | 0000000000000000000000000000000000000000000000000000000001111101
 126 |        3 | t        | 0000000000000000000000000000000000000000000000000000000001111110
 132 |        3 | t        | 0000000000000000000000000000000000000000000000000000000010000100
 160 |        3 | t        | 0000000000000000000000000000000000000000000000000000000010100000
 165 |        3 | t        | 0000000000000000000000000000000000000000000000000000000010100101
 166 |        3 | t        | 0000000000000000000000000000000000000000000000000000000010100110
 172 |        3 | t        | 0000000000000000000000000000000000000000000000000000000010101100
 180 |        3 | t        | 0000000000000000000000000000000000000000000000000000000010110100
 192 |        3 | t        | 0000000000000000000000000000000000000000000000000000000011000000
 197 |        3 | t        | 0000000000000000000000000000000000000000000000000000000011000101
 198 |        3 | t        | 0000000000000000000000000000000000000000000000000000000011000110
 204 |        3 | t        | 0000000000000000000000000000000000000000000000000000000011001100
 212 |        3 | t        | 0000000000000000000000000000000000000000000000000000000011010100
 225 |        3 | t        | 0000000000000000000000000000000000000000000000000000000011100001
 226 |        3 | t        | 0000000000000000000000000000000000000000000000000000000011100010
 231 |        3 | t        | 0000000000000000000000000000000000000000000000000000000011100111
 232 |        3 | t        | 0000000000000000000000000000000000000000000000000000000011101000
 237 |        3 | t        | 0000000000000000000000000000000000000000000000000000000011101101
 238 |        3 | t        | 0000000000000000000000000000000000000000000000000000000011101110
 240 |        3 | t        | 0000000000000000000000000000000000000000000000000000000011110000
 245 |        3 | t        | 0000000000000000000000000000000000000000000000000000000011110101
 246 |        3 | t        | 0000000000000000000000000000000000000000000000000000000011110110
 252 |        3 | t        | 0000000000000000000000000000000000000000000000000000000011111100
 260 |        3 | t        | 0000000000000000000000000000000000000000000000000000000100000100
 288 |        3 | t        | 0000000000000000000000000000000000000000000000000000000100100000
 293 |        3 | t        | 0000000000000000000000000000000000000000000000000000000100100101
 294 |        3 | t        | 0000000000000000000000000000000000000000000000000000000100100110
 300 |        3 | t        | 0000000000000000000000000000000000000000000000000000000100101100
 308 |        3 | t        | 0000000000000000000000000000000000000000000000000000000100110100
 320 |        3 | t        | 0000000000000000000000000000000000000000000000000000000101000000
 325 |        3 | t        | 0000000000000000000000000000000000000000000000000000000101000101
 326 |        3 | t        | 0000000000000000000000000000000000000000000000000000000101000110
 332 |        3 | t        | 0000000000000000000000000000000000000000000000000000000101001100
 340 |        3 | t        | 0000000000000000000000000000000000000000000000000000000101010100
 353 |        3 | t        | 0000000000000000000000000000000000000000000000000000000101100001
 354 |        3 | t        | 0000000000000000000000000000000000000000000000000000000101100010
 359 |        3 | t        | 0000000000000000000000000000000000000000000000000000000101100111
 360 |        3 | t        | 0000000000000000000000000000000000000000000000000000000101101000
 365 |        3 | t        | 0000000000000000000000000000000000000000000000000000000101101101
 366 |        3 | t        | 0000000000000000000000000000000000000000000000000000000101101110
 368 |        3 | t        | 0000000000000000000000000000000000000000000000000000000101110000
 373 |        3 | t        | 0000000000000000000000000000000000000000000000000000000101110101
 374 |        3 | t        | 0000000000000000000000000000000000000000000000000000000101110110
 380 |        3 | t        | 0000000000000000000000000000000000000000000000000000000101111100
 420 |        3 | t        | 0000000000000000000000000000000000000000000000000000000110100100
 452 |        3 | t        | 0000000000000000000000000000000000000000000000000000000111000100
 480 |        3 | t        | 0000000000000000000000000000000000000000000000000000000111100000
 485 |        3 | t        | 0000000000000000000000000000000000000000000000000000000111100101
 486 |        3 | t        | 0000000000000000000000000000000000000000000000000000000111100110
 492 |        3 | t        | 0000000000000000000000000000000000000000000000000000000111101100
 500 |        3 | t        | 0000000000000000000000000000000000000000000000000000000111110100
   1 |        4 | t        | 0000000000000000000000000000000000000000000000000000000000000001
   2 |        4 | t        | 0000000000000000000000000000000000000000000000000000000000000010
   7 |        4 | t        | 0000000000000000000000000000000000000000000000000000000000000111
   8 |        4 | t        | 0000000000000000000000000000000000000000000000000000000000001000
  13 |        4 | t        | 0000000000000000000000000000000000000000000000000000000000001101
  14 |        4 | t        | 0000000000000000000000000000000000000000000000000000000000001110
  16 |        4 | t        | 0000000000000000000000000000000000000000000000000000000000010000
  21 |        4 | t        | 0000000000000000000000000000000000000000000000000000000000010101
  22 |        4 | t        | 0000000000000000000000000000000000000000000000000000000000010110
  28 |        4 | t        | 0000000000000000000000000000000000000000000000000000000000011100
  35 |        4 | t        | 0000000000000000000000000000000000000000000000000000000000100011
  41 |        4 | t        | 0000000000000000000000000000000000000000000000000000000000101001
  42 |        4 | t        | 0000000000000000000000000000000000000000000000000000000000101010
  47 |        4 | t        | 0000000000000000000000000000000000000000000000000000000000101111
  49 |        4 | t        | 0000000000000000000000000000000000000000000000000000000000110001
  50 |        4 | t        | 0000000000000000000000000000000000000000000000000000000000110010
  55 |        4 | t        | 0000000000000000000000000000000000000000000000000000000000110111
  56 |        4 | t        | 0000000000000000000000000000000000000000000000000000000000111000
  61 |        4 | t        | 0000000000000000000000000000000000000000000000000000000000111101
  62 |        4 | t        | 0000000000000000000000000000000000000000000000000000000000111110
  67 |        4 | t        | 0000000000000000000000000000000000000000000000000000000001000011
  73 |        4 | t        | 0000000000000000000000000000000000000000000000000000000001001001
  74 |        4 | t        | 0000000000000000000000000000000000000000000000000000000001001010
  79 |        4 | t        | 0000000000000000000000000000000000000000000000000000000001001111
  81 |        4 | t        | 0000000000000000000000000000000000000000000000000000000001010001
  82 |        4 | t        | 0000000000000000000000000000000000000000000000000000000001010010
  87 |        4 | t        | 0000000000000000000000000000000000000000000000000000000001010111
  88 |        4 | t        | 0000000000000000000000000000000000000000000000000000000001011000
  93 |        4 | t        | 0000000000000000000000000000000000000000000000000000000001011101
  94 |        4 | t        | 0000000000000000000000000000000000000000000000000000000001011110
 107 |        4 | t        | 0000000000000000000000000000000000000000000000000000000001101011
 115 |        4 | t        | 0000000000000000000000000000000000000000000000000000000001110011
 121 |        4 | t        | 0000000000000000000000000000000000000000000000000000000001111001
 122 |        4 | t        | 0000000000000000000000000000000000000000000000000000000001111010
 127 |        4 | t        | 0000000000000000000000000000000000000000000000000000000001111111
 128 |        4 | t        | 0000000000000000000000000000000000000000000000000000000010000000
 133 |        4 | t        | 0000000000000000000000000000000000000000000000000000000010000101
 134 |        4 | t        | 0000000000000000000000000000000000000000000000000000000010000110
 140 |        4 | t        | 0000000000000000000000000000000000000000000000000000000010001100
 148 |        4 | t        | 0000000000000000000000000000000000000000000000000000000010010100
 161 |        4 | t        | 0000000000000000000000000000000000000000000000000000000010100001
 162 |        4 | t        | 0000000000000000000000000000000000000000000000000000000010100010
 167 |        4 | t        | 0000000000000000000000000000000000000000000000000000000010100111
 168 |        4 | t        | 0000000000000000000000000000000000000000000000000000000010101000
 173 |        4 | t        | 0000000000000000000000000000000000000000000000000000000010101101
 174 |        4 | t        | 0000000000000000000000000000000000000000000000000000000010101110
 176 |        4 | t        | 0000000000000000000000000000000000000000000000000000000010110000
 181 |        4 | t        | 0000000000000000000000000000000000000000000000000000000010110101
 182 |        4 | t        | 0000000000000000000000000000000000000000000000000000000010110110
 188 |        4 | t        | 0000000000000000000000000000000000000000000000000000000010111100
 193 |        4 | t        | 0000000000000000000000000000000000000000000000000000000011000001
 194 |        4 | t        | 0000000000000000000000000000000000000000000000000000000011000010
 199 |        4 | t        | 0000000000000000000000000000000000000000000000000000000011000111
 200 |        4 | t        | 0000000000000000000000000000000000000000000000000000000011001000
 205 |        4 | t        | 0000000000000000000000000000000000000000000000000000000011001101
 206 |        4 | t        | 0000000000000000000000000000000000000000000000000000000011001110
 208 |        4 | t        | 0000000000000000000000000000000000000000000000000000000011010000
 213 |        4 | t        | 0000000000000000000000000000000000000000000000000000000011010101
 214 |        4 | t        | 0000000000000000000000000000000000000000000000000000000011010110
 220 |        4 | t        | 0000000000000000000000000000000000000000000000000000000011011100
 227 |        4 | t        | 0000000000000000000000000000000000000000000000000000000011100011
 233 |        4 | t        | 0000000000000000000000000000000000000000000000000000000011101001
 234 |        4 | t        | 0000000000000000000000000000000000000000000000000000000011101010
 239 |        4 | t        | 0000000000000000000000000000000000000000000000000000000011101111
 241 |        4 | t        | 0000000000000000000000000000000000000000000000000000000011110001
 242 |        4 | t        | 0000000000000000000000000000000000000000000000000000000011110010
 247 |        4 | t        | 0000000000000000000000000000000000000000000000000000000011110111
 248 |        4 | t        | 0000000000000000000000000000000000000000000000000000000011111000
 253 |        4 | t        | 0000000000000000000000000000000000000000000000000000000011111101
 254 |        4 | t        | 0000000000000000000000000000000000000000000000000000000011111110
 256 |        4 | t        | 0000000000000000000000000000000000000000000000000000000100000000
 261 |        4 | t        | 0000000000000000000000000000000000000000000000000000000100000101
 262 |        4 | t        | 0000000000000000000000000000000000000000000000000000000100000110
 268 |        4 | t        | 0000000000000000000000000000000000000000000000000000000100001100
 276 |        4 | t        | 0000000000000000000000000000000000000000000000000000000100010100
 289 |        4 | t        | 0000000000000000000000000000000000000000000000000000000100100001
 290 |        4 | t        | 0000000000000000000000000000000000000000000000000000000100100010
 295 |        4 | t        | 0000000000000000000000000000000000000000000000000000000100100111
 296 |        4 | t        | 0000000000000000000000000000000000000000000000000000000100101000
 301 |        4 | t        | 0000000000000000000000000000000000000000000000000000000100101101
 302 |        4 | t        | 0000000000000000000000000000000000000000000000000000000100101110
 304 |        4 | t        | 0000000000000000000000000000000000000000000000000000000100110000
 309 |        4 | t        | 0000000000000000000000000000000000000000000000000000000100110101
 310 |        4 | t        | 0000000000000000000000000000000000000000000000000000000100110110
 316 |        4 | t        | 0000000000000000000000000000000000000000000000000000000100111100
 321 |        4 | t        | 0000000000000000000000000000000000000000000000000000000101000001
 322 |        4 | t        | 0000000000000000000000000000000000000000000000000000000101000010
 327 |        4 | t        | 0000000000000000000000000000000000000000000000000000000101000111
 328 |        4 | t        | 0000000000000000000000000000000000000000000000000000000101001000
 333 |        4 | t        | 0000000000000000000000000000000000000000000000000000000101001101
 334 |        4 | t        | 0000000000000000000000000000000000000000000000000000000101001110
 336 |        4 | t        | 0000000000000000000000000000000000000000000000000000000101010000
 341 |        4 | t        | 0000000000000000000000000000000000000000000000000000000101010101
 342 |        4 | t        | 0000000000000000000000000000000000000000000000000000000101010110
 348 |        4 | t        | 0000000000000000000000000000000000000000000000000000000101011100
 355 |        4 | t        | 0000000000000000000000000000000000000000000000000000000101100011
 361 |        4 | t        | 0000000000000000000000000000000000000000000000000000000101101001
 362 |        4 | t        | 0000000000000000000000000000000000000000000000000000000101101010
 367 |        4 | t        | 0000000000000000000000000000000000000000000000000000000101101111
 369 |        4 | t        | 0000000000000000000000000000000000000000000000000000000101110001
 370 |        4 | t        | 0000000000000000000000000000000000000000000000000000000101110010
 375 |        4 | t        | 0000000000000000000000000000000000000000000000000000000101110111
 376 |        4 | t        | 0000000000000000000000000000000000000000000000000000000101111000
 381 |        4 | t        | 0000000000000000000000000000000000000000000000000000000101111101
 382 |        4 | t        | 0000000000000000000000000000000000000000000000000000000101111110
 388 |        4 | t        | 0000000000000000000000000000000000000000000000000000000110000100
 416 |        4 | t        | 0000000000000000000000000000000000000000000000000000000110100000
 421 |        4 | t        | 0000000000000000000000000000000000000000000000000000000110100101
 422 |        4 | t        | 0000000000000000000000000000000000000000000000000000000110100110
 428 |        4 | t        | 0000000000000000000000000000000000000000000000000000000110101100
 436 |        4 | t        | 0000000000000000000000000000000000000000000000000000000110110100
 448 |        4 | t        | 0000000000000000000000000000000000000000000000000000000111000000
 453 |        4 | t        | 0000000000000000000000000000000000000000000000000000000111000101
 454 |        4 | t        | 0000000000000000000000000000000000000000000000000000000111000110
 460 |        4 | t        | 0000000000000000000000000000000000000000000000000000000111001100
 468 |        4 | t        | 0000000000000000000000000000000000000000000000000000000111010100
 481 |        4 | t        | 0000000000000000000000000000000000000000000000000000000111100001
 482 |        4 | t        | 0000000000000000000000000000000000000000000000000000000111100010
 487 |        4 | t        | 0000000000000000000000000000000000000000000000000000000111100111
 488 |        4 | t        | 0000000000000000000000000000000000000000000000000000000111101000
 493 |        4 | t        | 0000000000000000000000000000000000000000000000000000000111101101
 494 |        4 | t        | 0000000000000000000000000000000000000000000000000000000111101110
 496 |        4 | t        | 0000000000000000000000000000000000000000000000000000000111110000
 501 |        4 | t        | 0000000000000000000000000000000000000000000000000000000111110101
 502 |        4 | t        | 0000000000000000000000000000000000000000000000000000000111110110
 508 |        4 | t        | 0000000000000000000000000000000000000000000000000000000111111100
(256 rows)

SELECT a, a <->   2, a <@ (  2, 4), int64_to_bitstring(a) FROM int8tmp_2 WHERE a <@ (  2, 4) ORDER BY a <->   2 ASC, a ASC;
  a  | ?column? | ?column? |                        int64_to_bitstring                        
-----+----------+----------+------------------------------------------------------------------
   2 |        0 | t        | 0000000000000000000000000000000000000000000000000000000000000010
   0 |        1 | t        | 0000000000000000000000000000000000000000000000000000000000000000
   3 |        1 | t        | 0000000000000000000000000000000000000000000000000000000000000011
   6 |        1 | t        | 0000000000000000000000000000000000000000000000000000000000000110
  10 |        1 | t        | 0000000000000000000000000000000000000000000000000000000000001010
  18 |        1 | t        | 0000000000000000000000000000000000000000000000000000000000010010
  34 |        1 | t        | 0000000000000000000000000000000000000000000000000000000000100010
  66 |        1 | t        | 0000000000000000000000000000000000000000000000000000000001000010
 130 |        1 | t        | 0000000000000000000000000000000000000000000000000000000010000010
 258 |        1 | t        | 0000000000000000000000000000000000000000000000000000000100000010
   1 |        2 | t        | 0000000000000000000000000000000000000000000000000000000000000001
   4 |        2 | t        | 0000000000000000000000000000000000000000000000000000000000000100
   7 |        2 | t        | 0000000000000000000000000000000000000000000000000000000000000111
   8 |        2 | t        | 0000000000000000000000000000000000000000000000000000000000001000
  11 |        2 | t        | 0000000000000000000000000000000000000000000000000000000000001011
  14 |        2 | t        | 0000000000000000000000000000000000000000000000000000000000001110
  16 |        2 | t        | 0000000000000000000000000000000000000000000000000000000000010000
  19 |        2 | t        | 0000000000000000000000000000000000000000000000000000000000010011
  22 |        2 | t        | 0000000000000000000000000000000000000000000000000000000000010110
  26 |        2 | t        | 0000000000000000000000000000000000000000000000000000000000011010
  32 |        2 | t        | 0000000000000000000000000000000000000000000000000000000000100000
  35 |        2 | t        | 0000000000000000000000000000000000000000000000000000000000100011
  38 |        2 | t        | 0000000000000000000000000000000000000000000000000000000000100110
  42 |        2 | t        | 0000000000000000000000000000000000000000000000000000000000101010
  50 |        2 | t        | 0000000000000000000000000000000000000000000000000000000000110010
  64 |        2 | t        | 0000000000000000000000000000000000000000000000000000000001000000
  67 |        2 | t        | 0000000000000000000000000000000000000000000000000000000001000011
  70 |        2 | t        | 0000000000000000000000000000000000000000000000000000000001000110
  74 |        2 | t        | 0000000000000000000000000000000000000000000000000000000001001010
  82 |        2 | t        | 0000000000000000000000000000000000000000000000000000000001010010
  98 |        2 | t        | 0000000000000000000000000000000000000000000000000000000001100010
 128 |        2 | t        | 0000000000000000000000000000000000000000000000000000000010000000
 131 |        2 | t        | 0000000000000000000000000000000000000000000000000000000010000011
 134 |        2 | t        | 0000000000000000000000000000000000000000000000000000000010000110
 138 |        2 | t        | 0000000000000000000000000000000000000000000000000000000010001010
 146 |        2 | t        | 0000000000000000000000000000000000000000000000000000000010010010
 162 |        2 | t        | 0000000000000000000000000000000000000000000000000000000010100010
 194 |        2 | t        | 0000000000000000000000000000000000000000000000000000000011000010
 256 |        2 | t        | 0000000000000000000000000000000000000000000000000000000100000000
 259 |        2 | t        | 0000000000000000000000000000000000000000000000000000000100000011
 262 |        2 | t        | 0000000000000000000000000000000000000000000000000000000100000110
 266 |        2 | t        | 0000000000000000000000000000000000000000000000000000000100001010
 274 |        2 | t        | 0000000000000000000000000000000000000000000000000000000100010010
 290 |        2 | t        | 0000000000000000000000000000000000000000000000000000000100100010
 322 |        2 | t        | 0000000000000000000000000000000000000000000000000000000101000010
 386 |        2 | t        | 0000000000000000000000000000000000000000000000000000000110000010
   5 |        3 | t        | 0000000000000000000000000000000000000000000000000000000000000101
   9 |        3 | t        | 0000000000000000000000000000000000000000000000000000000000001001
  12 |        3 | t        | 0000000000000000000000000000000000000000000000000000000000001100
  15 |        3 | t        | 0000000000000000000000000000000000000000000000000000000000001111
  17 |        3 | t        | 0000000000000000000000000000000000000000000000000000000000010001
  20 |        3 | t        | 0000000000000000000000000000000000000000000000000000000000010100
  23 |        3 | t        | 0000000000000000000000000000000000000000000000000000000000010111
  24 |        3 | t        | 0000000000000000000000000000000000000000000000000000000000011000
  27 |        3 | t        | 0000000000000000000000000000000000000000000000000000000000011011
  30 |        3 | t        | 0000000000000000000000000000000000000000000000000000000000011110
  33 |        3 | t        | 0000000000000000000000000000000000000000000000000000000000100001
  36 |        3 | t        | 0000000000000000000000000000000000000000000000000000000000100100
  39 |        3 | t        | 0000000000000000000000000000000000000000000000000000000000100111
  40 |        3 | t        | 0000000000000000000000000000000000000000000000000000000000101000
  43 |        3 | t        | 0000000000000000000000000000000000000000000000000000000000101011
  46 |        3 | t        | 0000000000000000000000000000000000000000000000000000000000101110
  48 |        3 | t        | 0000000000000000000000000000000000000000000000000000000000110000
  51 |        3 | t        | 0000000000000000000000000000000000000000000000000000000000110011
  54 |        3 | t        | 0000000000000000000000000000000000000000000000000000000000110110
  58 |        3 | t        | 0000000000000000000000000000000000000000000000000000000000111010
  65 |        3 | t        | 0000000000000000000000000000000000000000000000000000000001000001
  68 |        3 | t        | 0000000000000000000000000000000000000000000000000000000001000100
  71 |        3 | t        | 0000000000000000000000000000000000000000000000000000000001000111
  72 |        3 | t        | 0000000000000000000000000000000000000000000000000000000001001000
  75 |        3 | t        | 0000000000000000000000000000000000000000000000000000000001001011
  78 |        3 | t        | 0000000000000000000000000000000000000000000000000000000001001110
  80 |        3 | t        | 0000000000000000000000000000000000000000000000000000000001010000
  83 |        3 | t        | 0000000000000000000000000000000000000000000000000000000001010011
  86 |        3 | t        | 0000000000000000000000000000000000000000000000000000000001010110
  90 |        3 | t        | 0000000000000000000000000000000000000000000000000000000001011010
  96 |        3 | t        | 0000000000000000000000000000000000000000000000000000000001100000
  99 |        3 | t        | 0000000000000000000000000000000000000000000000000000000001100011
 102 |        3 | t        | 0000000000000000000000000000000000000000000000000000000001100110
 106 |        3 | t        | 0000000000000000000000000000000000000000000000000000000001101010
 114 |        3 | t        | 0000000000000000000000000000000000000000000000000000000001110010
 129 |        3 | t        | 0000000000000000000000000000000000000000000000000000000010000001
 132 |        3 | t        | 0000000000000000000000000000000000000000000000000000000010000100
 135 |        3 | t        | 0000000000000000000000000000000000000000000000000000000010000111
 136 |        3 | t        | 0000000000000000000000000000000000000000000000000000000010001000
 139 |        3 | t        | 0000000000000000000000000000000000000000000000000000000010001011
 142 |        3 | t        | 0000000000000000000000000000000000000000000000000000000010001110
 144 |        3 | t        | 0000000000000000000000000000000000000000000000000000000010010000
 147 |        3 | t        | 0000000000000000000000000000000000000000000000000000000010010011
 150 |        3 | t        | 0000000000000000000000000000000000000000000000000000000010010110
 154 |        3 | t        | 0000000000000000000000000000000000000000000000000000000010011010
 160 |        3 | t        | 0000000000000000000000000000000000000000000000000000000010100000
 163 |        3 | t        | 0000000000000000000000000000000000000000000000000000000010100011
 166 |        3 | t        | 0000000000000000000000000000000000000000000000000000000010100110
 170 |        3 | t        | 0000000000000000000000000000000000000000000000000000000010101010
 178 |        3 | t        | 0000000000000000000000000000000000000000000000000000000010110010
 192 |        3 | t        | 0000000000000000000000000000000000000000000000000000000011000000
 195 |        3 | t        | 0000000000000000000000000000000000000000000000000000000011000011
 198 |        3 | t        | 0000000000000000000000000000000000000000000000000000000011000110
 202 |        3 | t        | 0000000000000000000000000000000000000000000000000000000011001010
 210 |        3 | t        | 0000000000000000000000000000000000000000000000000000000011010010
 226 |        3 | t        | 0000000000000000000000000000000000000000000000000000000011100010
 257 |        3 | t        | 0000000000000000000000000000000000000000000000000000000100000001
 260 |        3 | t        | 0000000000000000000000000000000000000000000000000000000100000100
 263 |        3 | t        | 0000000000000000000000000000000000000000000000000000000100000111
 264 |        3 | t        | 0000000000000000000000000000000000000000000000000000000100001000
 267 |        3 | t        | 0000000000000000000000000000000000000000000000000000000100001011
 270 |        3 | t        | 0000000000000000000000000000000000000000000000000000000100001110
 272 |        3 | t        | 0000000000000000000000000000000000000000000000000000000100010000
 275 |        3 | t        | 0000000000000000000000000000000000000000000000000000000100010011
 278 |        3 | t        | 0000000000000000000000000000000000000000000000000000000100010110
 282 |        3 | t        | 0000000000000000000000000000000000000000000000000000000100011010
 288 |        3 | t        | 0000000000000000000000000000000000000000000000000000000100100000
 291 |        3 | t        | 0000000000000000000000000000000000000000000000000000000100100011
 294 |        3 | t        | 0000000000000000000000000000000000000000000000000000000100100110
 298 |        3 | t        | 0000000000000000000000000000000000000000000000000000000100101010
 306 |        3 | t        | 0000000000000000000000000000000000000000000000000000000100110010
 320 |        3 | t        | 0000000000000000000000000000000000000000000000000000000101000000
 323 |        3 | t        | 0000000000000000000000000000000000000000000000000000000101000011
 326 |        3 | t        | 0000000000000000000000000000000000000000000000000000000101000110
 330 |        3 | t        | 0000000000000000000000000000000000000000000000000000000101001010
 338 |        3 | t        | 0000000000000000000000000000000000000000000000000000000101010010
 354 |        3 | t        | 0000000000000000000000000000000000000000000000000000000101100010
 384 |        3 | t        | 0000000000000000000000000000000000000000000000000000000110000000
 387 |        3 | t        | 0000000000000000000000000000000000000000000000000000000110000011
 390 |        3 | t        | 0000000000000000000000000000000000000000000000000000000110000110
 394 |        3 | t        | 0000000000000000000000000000000000000000000000000000000110001010
 402 |        3 | t        | 0000000000000000000000000000000000000000000000000000000110010010
 418 |        3 | t        | 0000000000000000000000000000000000000000000000000000000110100010
 450 |        3 | t        | 0000000000000000000000000000000000000000000000000000000111000010
  13 |        4 | t        | 0000000000000000000000000000000000000000000000000000000000001101
  21 |        4 | t        | 0000000000000000000000000000000000000000000000000000000000010101
  25 |        4 | t        | 0000000000000000000000000000000000000000000000000000000000011001
  28 |        4 | t        | 0000000000000000000000000000000000000000000000000000000000011100
  31 |        4 | t        | 0000000000000000000000000000000000000000000000000000000000011111
  37 |        4 | t        | 0000000000000000000000000000000000000000000000000000000000100101
  41 |        4 | t        | 0000000000000000000000000000000000000000000000000000000000101001
  44 |        4 | t        | 0000000000000000000000000000000000000000000000000000000000101100
  47 |        4 | t        | 0000000000000000000000000000000000000000000000000000000000101111
  49 |        4 | t        | 0000000000000000000000000000000000000000000000000000000000110001
  52 |        4 | t        | 0000000000000000000000000000000000000000000000000000000000110100
  55 |        4 | t        | 0000000000000000000000000000000000000000000000000000000000110111
  56 |        4 | t        | 0000000000000000000000000000000000000000000000000000000000111000
  59 |        4 | t        | 0000000000000000000000000000000000000000000000000000000000111011
  62 |        4 | t        | 0000000000000000000000000000000000000000000000000000000000111110
  69 |        4 | t        | 0000000000000000000000000000000000000000000000000000000001000101
  73 |        4 | t        | 0000000000000000000000000000000000000000000000000000000001001001
  76 |        4 | t        | 0000000000000000000000000000000000000000000000000000000001001100
  79 |        4 | t        | 0000000000000000000000000000000000000000000000000000000001001111
  81 |        4 | t        | 0000000000000000000000000000000000000000000000000000000001010001
  84 |        4 | t        | 0000000000000000000000000000000000000000000000000000000001010100
  87 |        4 | t        | 0000000000000000000000000000000000000000000000000000000001010111
  88 |        4 | t        | 0000000000000000000000000000000000000000000000000000000001011000
  91 |        4 | t        | 0000000000000000000000000000000000000000000000000000000001011011
  94 |        4 | t        | 0000000000000000000000000000000000000000000000000000000001011110
  97 |        4 | t        | 0000000000000000000000000000000000000000000000000000000001100001
 100 |        4 | t        | 0000000000000000000000000000000000000000000000000000000001100100
 103 |        4 | t        | 0000000000000000000000000000000000000000000000000000000001100111
 104 |        4 | t        | 0000000000000000000000000000000000000000000000000000000001101000
 107 |        4 | t        | 0000000000000000000000000000000000000000000000000000000001101011
 110 |        4 | t        | 0000000000000000000000000000000000000000000000000000000001101110
 112 |        4 | t        | 0000000000000000000000000000000000000000000000000000000001110000
 115 |        4 | t        | 0000000000000000000000000000000000000000000000000000000001110011
 118 |        4 | t        | 0000000000000000000000000000000000000000000000000000000001110110
 122 |        4 | t        | 0000000000000000000000000000000000000000000000000000000001111010
 133 |        4 | t        | 0000000000000000000000000000000000000000000000000000000010000101
 137 |        4 | t        | 0000000000000000000000000000000000000000000000000000000010001001
 140 |        4 | t        | 0000000000000000000000000000000000000000000000000000000010001100
 143 |        4 | t        | 0000000000000000000000000000000000000000000000000000000010001111
 145 |        4 | t        | 0000000000000000000000000000000000000000000000000000000010010001
 148 |        4 | t        | 0000000000000000000000000000000000000000000000000000000010010100
 151 |        4 | t        | 0000000000000000000000000000000000000000000000000000000010010111
 152 |        4 | t        | 0000000000000000000000000000000000000000000000000000000010011000
 155 |        4 | t        | 0000000000000000000000000000000000000000000000000000000010011011
 158 |        4 | t        | 0000000000000000000000000000000000000000000000000000000010011110
 161 |        4 | t        | 0000000000000000000000000000000000000000000000000000000010100001
 164 |        4 | t        | 0000000000000000000000000000000000000000000000000000000010100100
 167 |        4 | t        | 0000000000000000000000000000000000000000000000000000000010100111
 168 |        4 | t        | 0000000000000000000000000000000000000000000000000000000010101000
 171 |        4 | t        | 0000000000000000000000000000000000000000000000000000000010101011
 174 |        4 | t        | 0000000000000000000000000000000000000000000000000000000010101110
 176 |        4 | t        | 0000000000000000000000000000000000000000000000000000000010110000
 179 |        4 | t        | 0000000000000000000000000000000000000000000000000000000010110011
 182 |        4 | t        | 0000000000000000000000000000000000000000000000000000000010110110
 186 |        4 | t        | 0000000000000000000000000000000000000000000000000000000010111010
 193 |        4 | t        | 0000000000000000000000000000000000000000000000000000000011000001
 196 |        4 | t        | 0000000000000000000000000000000000000000000000000000000011000100
 199 |        4 | t        | 0000000000000000000000000000000000000000000000000000000011000111
 200 |        4 | t        | 0000000000000000000000000000000000000000000000000000000011001000
 203 |        4 | t        | 0000000000000000000000000000000000000000000000000000000011001011
 206 |        4 | t        | 0000000000000000000000000000000000000000000000000000000011001110
 208 |        4 | t        | 0000000000000000000000000000000000000000000000000000000011010000
 211 |        4 | t        | 0000000000000000000000000000000000000000000000000000000011010011
 214 |        4 | t        | 0000000000000000000000000000000000000000000000000000000011010110
 218 |        4 | t        | 0000000000000000000000000000000000000000000000000000000011011010
 224 |        4 | t        | 0000000000000000000000000000000000000000000000000000000011100000
 227 |        4 | t        | 0000000000000000000000000000000000000000000000000000000011100011
 230 |        4 | t        | 0000000000000000000000000000000000000000000000000000000011100110
 234 |        4 | t        | 0000000000000000000000000000000000000000000000000000000011101010
 242 |        4 | t        | 0000000000000000000000000000000000000000000000000000000011110010
 261 |        4 | t        | 0000000000000000000000000000000000000000000000000000000100000101
 265 |        4 | t        | 0000000000000000000000000000000000000000000000000000000100001001
 268 |        4 | t        | 0000000000000000000000000000000000000000000000000000000100001100
 271 |        4 | t        | 0000000000000000000000000000000000000000000000000000000100001111
 273 |        4 | t        | 0000000000000000000000000000000000000000000000000000000100010001
 276 |        4 | t        | 0000000000000000000000000000000000000000000000000000000100010100
 279 |        4 | t        | 0000000000000000000000000000000000000000000000000000000100010111
 280 |        4 | t        | 0000000000000000000000000000000000000000000000000000000100011000
 283 |        4 | t        | 0000000000000000000000000000000000000000000000000000000100011011
 286 |        4 | t        | 0000000000000000000000000000000000000000000000000000000100011110
 289 |        4 | t        | 0000000000000000000000000000000000000000000000000000000100100001
 292 |        4 | t        | 0000000000000000000000000000000000000000000000000000000100100100
 295 |        4 | t        | 0000000000000000000000000000000000000000000000000000000100100111
 296 |        4 | t        | 0000000000000000000000000000000000000000000000000000000100101000
 299 |        4 | t        | 0000000000000000000000000000000000000000000000000000000100101011
 302 |        4 | t        | 0000000000000000000000000000000000000000000000000000000100101110
 304 |        4 | t        | 0000000000000000000000000000000000000000000000000000000100110000
 307 |        4 | t        | 0000000000000000000000000000000000000000000000000000000100110011
 310 |        4 | t        | 0000000000000000000000000000000000000000000000000000000100110110
 314 |        4 | t        | 0000000000000000000000000000000000000000000000000000000100111010
 321 |        4 | t        | 0000000000000000000000000000000000000000000000000000000101000001
 324 |        4 | t        | 0000000000000000000000000000000000000000000000000000000101000100
 327 |        4 | t        | 0000000000000000000000000000000000000000000000000000000101000111
 328 |        4 | t        | 0000000000000000000000000000000000000000000000000000000101001000
 331 |        4 | t        | 0000000000000000000000000000000000000000000000000000000101001011
 334 |        4 | t        | 0000000000000000000000000000000000000000000000000000000101001110
 336 |        4 | t        | 0000000000000000000000000000000000000000000000000000000101010000
 339 |        4 | t        | 0000000000000000000000000000000000000000000000000000000101010011
 342 |        4 | t        | 0000000000000000000000000000000000000000000000000000000101010110
 346 |        4 | t        | 0000000000000000000000000000000000000000000000000000000101011010
 352 |        4 | t        | 0000000000000000000000000000000000000000000000000000000101100000
 355 |        4 | t        | 0000000000000000000000000000000000000000000000000000000101100011
 358 |        4 | t        | 0000000000000000000000000000000000000000000000000000000101100110
 362 |        4 | t        | 0000000000000000000000000000000000000000000000000000000101101010
 370 |        4 | t        | 0000000000000000000000000000000000000000000000000000000101110010
 385 |        4 | t        | 0000000000000000000000000000000000000000000000000000000110000001
 388 |        4 | t        | 0000000000000000000000000000000000000000000000000000000110000100
 391 |        4 | t        | 0000000000000000000000000000000000000000000000000000000110000111
 392 |        4 | t        | 0000000000000000000000000000000000000000000000000000000110001000
 395 |        4 | t        | 0000000000000000000000000000000000000000000000000000000110001011
 398 |        4 | t        | 0000000000000000000000000000000000000000000000000000000110001110
 400 |        4 | t        | 0000000000000000000000000000000000000000000000000000000110010000
 403 |        4 | t        | 0000000000000000000000000000000000000000000000000000000110010011
 406 |        4 | t        | 0000000000000000000000000000000000000000000000000000000110010110
 410 |        4 | t        | 0000000000000000000000000000000000000000000000000000000110011010
 416 |        4 | t        | 0000000000000000000000000000000000000000000000000000000110100000
 419 |        4 | t        | 0000000000000000000000000000000000000000000000000000000110100011
 422 |        4 | t        | 0000000000000000000000000000000000000000000000000000000110100110
 426 |        4 | t        | 0000000000000000000000000000000000000000000000000000000110101010
 434 |        4 | t        | 0000000000000000000000000000000000000000000000000000000110110010
 448 |        4 | t        | 0000000000000000000000000000000000000000000000000000000111000000
 451 |        4 | t        | 0000000000000000000000000000000000000000000000000000000111000011
 454 |        4 | t        | 0000000000000000000000000000000000000000000000000000000111000110
 458 |        4 | t        | 0000000000000000000000000000000000000000000000000000000111001010
 466 |        4 | t        | 0000000000000000000000000000000000000000000000000000000111010010
 482 |        4 | t        | 0000000000000000000000000000000000000000000000000000000111100010
(256 rows)

SELECT a, a <->  10, a <@ ( 10, 1), int64_to_bitstring(a) FROM int8tmp_2 WHERE a <@ ( 10, 1) ORDER BY a <->  10 ASC, a ASC;
  a  | ?column? | ?column? |                        int64_to_bitstring                        
-----+----------+----------+------------------------------------------------------------------
  10 |        0 | t        | 0000000000000000000000000000000000000000000000000000000000001010
   2 |        1 | t        | 0000000000000000000000000000000000000000000000000000000000000010
   8 |        1 | t        | 0000000000000000000000000000000000000000000000000000000000001000
  11 |        1 | t        | 0000000000000000000000000000000000000000000000000000000000001011
  14 |        1 | t        | 0000000000000000000000000000000000000000000000000000000000001110
  26 |        1 | t        | 0000000000000000000000000000000000000000000000000000000000011010
  42 |        1 | t        | 0000000000000000000000000000000000000000000000000000000000101010
  74 |        1 | t        | 0000000000000000000000000000000000000000000000000000000001001010
 138 |        1 | t        | 0000000000000000000000000000000000000000000000000000000010001010
 266 |        1 | t        | 0000000000000000000000000000000000000000000000000000000100001010
(10 rows)

SELECT a, a <-> 100, a <@ (100, 1), int64_to_bitstring(a) FROM int8tmp_2 WHERE a <@ (100, 1) ORDER BY a <-> 100 ASC, a ASC;
  a  | ?column? | ?column? |                        int64_to_bitstring                        
-----+----------+----------+------------------------------------------------------------------
 100 |        0 | t        | 0000000000000000000000000000000000000000000000000000000001100100
  36 |        1 | t        | 0000000000000000000000000000000000000000000000000000000000100100
  68 |        1 | t        | 0000000000000000000000000000000000000000000000000000000001000100
  96 |        1 | t        | 0000000000000000000000000000000000000000000000000000000001100000
 101 |        1 | t        | 0000000000000000000000000000000000000000000000000000000001100101
 102 |        1 | t        | 0000000000000000000000000000000000000000000000000000000001100110
 108 |        1 | t        | 0000000000000000000000000000000000000000000000000000000001101100
 116 |        1 | t        | 0000000000000000000000000000000000000000000000000000000001110100
 228 |        1 | t        | 0000000000000000000000000000000000000000000000000000000011100100
 356 |        1 | t        | 0000000000000000000000000000000000000000000000000000000101100100
(10 rows)

SELECT a, a <->   2, a <@ (  2, 1), int64_to_bitstring(a) FROM int8tmp_2 WHERE a <@ (  2, 1) ORDER BY a <->   2 ASC, a ASC;
  a  | ?column? | ?column? |                        int64_to_bitstring                        
-----+----------+----------+------------------------------------------------------------------
   2 |        0 | t        | 0000000000000000000000000000000000000000000000000000000000000010
   0 |        1 | t        | 0000000000000000000000000000000000000000000000000000000000000000
   3 |        1 | t        | 0000000000000000000000000000000000000000000000000000000000000011
   6 |        1 | t        | 0000000000000000000000000000000000000000000000000000000000000110
  10 |        1 | t        | 0000000000000000000000000000000000000000000000000000000000001010
  18 |        1 | t        | 0000000000000000000000000000000000000000000000000000000000010010
  34 |        1 | t        | 0000000000000000000000000000000000000000000000000000000000100010
  66 |        1 | t        | 0000000000000000000000000000000000000000000000000000000001000010
 130 |        1 | t        | 0000000000000000000000000000000000000000000000000000000010000010
 258 |        1 | t        | 0000000000000000000000000000000000000000000000000000000100000010
(10 rows)

SELECT a, a <->  10, a <@ ( 10, 2), int64_to_bitstring(a) FROM int8tmp_2 WHERE a <@ ( 10, 2) ORDER BY a <->  10 ASC, a ASC;
  a  | ?column? | ?column? |                        int64_to_bitstring                        
-----+----------+----------+------------------------------------------------------------------
  10 |        0 | t        | 0000000000000000000000000000000000000000000000000000000000001010
   2 |        1 | t        | 0000000000000000000000000000000000000000000000000000000000000010
   8 |        1 | t        | 0000000000000000000000000000000000000000000000000000000000001000
  11 |        1 | t        | 0000000000000000000000000000000000000000000000000000000000001011
  14 |        1 | t        | 0000000000000000000000000000000000000000000000000000000000001110
  26 |        1 | t        | 0000000000000000000000000000000000000000000000000000000000011010
  42 |        1 | t        | 0000000000000000000000000000000000000000000000000000000000101010
  74 |        1 | t        | 0000000000000000000000000000000000000000000000000000000001001010
 138 |        1 | t        | 0000000000000000000000000000000000000000000000000000000010001010
 266 |        1 | t        | 0000000000000000000000000000000000000000000000000000000100001010
   0 |        2 | t        | 0000000000000000000000000000000000000000000000000000000000000000
   3 |        2 | t        | 0000000000000000000000000000000000000000000000000000000000000011
   6 |        2 | t        | 0000000000000000000000000000000000000000000000000000000000000110
   9 |        2 | t        | 0000000000000000000000000000000000000000000000000000000000001001
  12 |        2 | t        | 0000000000000000000000000000000000000000000000000000000000001100
  15 |        2 | t        | 0000000000000000000000000000000000000000000000000000000000001111
  18 |        2 | t        | 0000000000000000000000000000000000000000000000000000000000010010
  24 |        2 | t        | 0000000000000000000000000000000000000000000000000000000000011000
  27 |        2 | t        | 0000000000000000000000000000000000000000000000000000000000011011
  30 |        2 | t        | 0000000000000000000000000000000000000000000000000000000000011110
  34 |        2 | t        | 0000000000000000000000000000000000000000000000000000000000100010
  40 |        2 | t        | 0000000000000000000000000000000000000000000000000000000000101000
  43 |        2 | t        | 0000000000000000000000000000000000000000000000000000000000101011
  46 |        2 | t        | 0000000000000000000000000000000000000000000000000000000000101110
  58 |        2 | t        | 0000000000000000000000000000000000000000000000000000000000111010
  66 |        2 | t        | 0000000000000000000000000000000000000000000000000000000001000010
  72 |        2 | t        | 0000000000000000000000000000000000000000000000000000000001001000
  75 |        2 | t        | 0000000000000000000000000000000000000000000000000000000001001011
  78 |        2 | t        | 0000000000000000000000000000000000000000000000000000000001001110
  90 |        2 | t        | 0000000000000000000000000000000000000000000000000000000001011010
 106 |        2 | t        | 0000000000000000000000000000000000000000000000000000000001101010
 130 |        2 | t        | 0000000000000000000000000000000000000000000000000000000010000010
 136 |        2 | t        | 0000000000000000000000000000000000000000000000000000000010001000
 139 |        2 | t        | 0000000000000000000000000000000000000000000000000000000010001011
 142 |        2 | t        | 0000000000000000000000000000000000000000000000000000000010001110
 154 |        2 | t        | 0000000000000000000000000000000000000000000000000000000010011010
 170 |        2 | t        | 0000000000000000000000000000000000000000000000000000000010101010
 202 |        2 | t        | 0000000000000000000000000000000000000000000000000000000011001010
 258 |        2 | t        | 0000000000000000000000000000000000000000000000000000000100000010
 264 |        2 | t        | 0000000000000000000000000000000000000000000000000000000100001000
 267 |        2 | t        | 0000000000000000000000000000000000000000000000000000000100001011
 270 |        2 | t        | 0000000000000000000000000000000000000000000000000000000100001110
 282 |        2 | t        | 0000000000000000000000000000000000000000000000000000000100011010
 298 |        2 | t        | 0000000000000000000000000000000000000000000000000000000100101010
 330 |        2 | t        | 0000000000000000000000000000000000000000000000000000000101001010
 394 |        2 | t        | 0000000000000000000000000000000000000000000000000000000110001010
(46 rows)

SELECT a, a <-> 100, a <@ (100, 2), int64_to_bitstring(a) FROM int8tmp_2 WHERE a <@ (100, 2) ORDER BY a <-> 100 ASC, a ASC;
  a  | ?column? | ?column? |                        int64_to_bitstring                        
-----+----------+----------+------------------------------------------------------------------
 100 |        0 | t        | 0000000000000000000000000000000000000000000000000000000001100100
  36 |        1 | t        | 0000000000000000000000000000000000000000000000000000000000100100
  68 |        1 | t        | 0000000000000000000000000000000000000000000000000000000001000100
  96 |        1 | t        | 0000000000000000000000000000000000000000000000000000000001100000
 101 |        1 | t        | 0000000000000000000000000000000000000000000000000000000001100101
 102 |        1 | t        | 0000000000000000000000000000000000000000000000000000000001100110
 108 |        1 | t        | 0000000000000000000000000000000000000000000000000000000001101100
 116 |        1 | t        | 0000000000000000000000000000000000000000000000000000000001110100
 228 |        1 | t        | 0000000000000000000000000000000000000000000000000000000011100100
 356 |        1 | t        | 0000000000000000000000000000000000000000000000000000000101100100
   4 |        2 | t        | 0000000000000000000000000000000000000000000000000000000000000100
  32 |        2 | t        | 0000000000000000000000000000000000000000000000000000000000100000
  37 |        2 | t        | 0000000000000000000000000000000000000000000000000000000000100101
  38 |        2 | t        | 0000000000000000000000000000000000000000000000000000000000100110
  44 |        2 | t        | 0000000000000000000000000000000000000000000000000000000000101100
  52 |        2 | t        | 0000000000000000000000000000000000000000000000000000000000110100
  64 |        2 | t        | 0000000000000000000000000000000000000000000000000000000001000000
  69 |        2 | t        | 0000000000000000000000000000000000000000000000000000000001000101
  70 |        2 | t        | 0000000000000000000000000000000000000000000000000000000001000110
  76 |        2 | t        | 0000000000000000000000000000000000000000000000000000000001001100
  84 |        2 | t        | 0000000000000000000000000000000000000000000000000000000001010100
  97 |        2 | t        | 0000000000000000000000000000000000000000000000000000000001100001
  98 |        2 | t        | 0000000000000000000000000000000000000000000000000000000001100010
 103 |        2 | t        | 0000000000000000000000000000000000000000000000000000000001100111
 104 |        2 | t        | 0000000000000000000000000000000000000000000000000000000001101000
 109 |        2 | t        | 0000000000000000000000000000000000000000000000000000000001101101
 110 |        2 | t        | 0000000000000000000000000000000000000000000000000000000001101110
 112 |        2 | t        | 0000000000000000000000000000000000000000000000000000000001110000
 117 |        2 | t        | 0000000000000000000000000000000000000000000000000000000001110101
 118 |        2 | t        | 0000000000000000000000000000000000000000000000000000000001110110
 124 |        2 | t        | 0000000000000000000000000000000000000000000000000000000001111100
 164 |        2 | t        | 0000000000000000000000000000000000000000000000000000000010100100
 196 |        2 | t        | 0000000000000000000000000000000000000000000000000000000011000100
 224 |        2 | t        | 0000000000000000000000000000000000000000000000000000000011100000
 229 |        2 | t        | 0000000000000000000000000000000000000000000000000000000011100101
 230 |        2 | t        | 0000000000000000000000000000000000000000000000000000000011100110
 236 |        2 | t        | 0000000000000000000000000000000000000000000000000000000011101100
 244 |        2 | t        | 0000000000000000000000000000000000000000000000000000000011110100
 292 |        2 | t        | 0000000000000000000000000000000000000000000000000000000100100100
 324 |        2 | t        | 0000000000000000000000000000000000000000000000000000000101000100
 352 |        2 | t        | 0000000000000000000000000000000000000000000000000000000101100000
 357 |        2 | t        | 0000000000000000000000000000000000000000000000000000000101100101
 358 |        2 | t        | 0000000000000000000000000000000000000000000000000000000101100110
 364 |        2 | t        | 0000000000000000000000000000000000000000000000000000000101101100
 372 |        2 | t        | 0000000000000000000000000000000000000000000000000000000101110100
 484 |        2 | t        | 0000000000000000000000000000000000000000000000000000000111100100
(46 rows)

SELECT a, a <->   2, a <@ (  2, 2), int64_to_bitstring(a) FROM int8tmp_2 WHERE a <@ (  2, 2) ORDER BY a <->   2 ASC, a ASC;
  a  | ?column? | ?column? |                        int64_to_bitstring                        
-----+----------+----------+------------------------------------------------------------------
   2 |        0 | t        | 0000000000000000000000000000000000000000000000000000000000000010
   0 |        1 | t        | 0000000000000000000000000000000000000000000000000000000000000000
   3 |        1 | t        | 0000000000000000000000000000000000000000000000000000000000000011
   6 |        1 | t        | 0000000000000000000000000000000000000000000000000000000000000110
  10 |        1 | t        | 0000000000000000000000000000000000000000000000000000000000001010
  18 |        1 | t        | 0000000000000000000000000000000000000000000000000000000000010010
  34 |        1 | t        | 0000000000000000000000000000000000000000000000000000000000100010
  66 |        1 | t        | 0000000000000000000000000000000000000000000000000000000001000010
 130 |        1 | t        | 0000000000000000000000000000000000000000000000000000000010000010
 258 |        1 | t        | 0000000000000000000000000000000000000000000000000000000100000010
   1 |        2 | t        | 0000000000000000000000000000000000000000000000000000000000000001
   4 |        2 | t        | 0000000000000000000000000000000000000000000000000000000000000100
   7 |        2 | t        | 0000000000000000000000000000000000000000000000000000000000000111
   8 |        2 | t        | 0000000000000000000000000000000000000000000000000000000000001000
  11 |        2 | t        | 0000000000000000000000000000000000000000000000000000000000001011
  14 |        2 | t        | 0000000000000000000000000000000000000000000000000000000000001110
  16 |        2 | t        | 0000000000000000000000000000000000000000000000000000000000010000
  19 |        2 | t        | 0000000000000000000000000000000000000000000000000000000000010011
  22 |        2 | t        | 0000000000000000000000000000000000000000000000000000000000010110
  26 |        2 | t        | 0000000000000000000000000000000000000000000000000000000000011010
  32 |        2 | t        | 0000000000000000000000000000000000000000000000000000000000100000
  35 |        2 | t        | 0000000000000000000000000000000000000000000000000000000000100011
  38 |        2 | t        | 0000000000000000000000000000000000000000000000000000000000100110
  42 |        2 | t        | 0000000000000000000000000000000000000000000000000000000000101010
  50 |        2 | t        | 0000000000000000000000000000000000000000000000000000000000110010
  64 |        2 | t        | 0000000000000000000000000000000000000000000000000000000001000000
  67 |        2 | t        | 0000000000000000000000000000000000000000000000000000000001000011
  70 |        2 | t        | 0000000000000000000000000000000000000000000000000000000001000110
  74 |        2 | t        | 0000000000000000000000000000000000000000000000000000000001001010
  82 |        2 | t        | 0000000000000000000000000000000000000000000000000000000001010010
  98 |        2 | t        | 0000000000000000000000000000000000000000000000000000000001100010
 128 |        2 | t        | 0000000000000000000000000000000000000000000000000000000010000000
 131 |        2 | t        | 0000000000000000000000000000000000000000000000000000000010000011
 134 |        2 | t        | 0000000000000000000000000000000000000000000000000000000010000110
 138 |        2 | t        | 0000000000000000000000000000000000000000000000000000000010001010
 146 |        2 | t        | 0000000000000000000000000000000000000000000000000000000010010010
 162 |        2 | t        | 0000000000000000000000000000000000000000000000000000000010100010
 194 |        2 | t        | 0000000000000000000000000000000000000000000000000000000011000010
 256 |        2 | t        | 0000000000000000000000000000000000000000000000000000000100000000
 259 |        2 | t        | 0000000000000000000000000000000000000000000000000000000100000011
 262 |        2 | t        | 0000000000000000000000000000000000000000000000000000000100000110
 266 |        2 | t        | 0000000000000000000000000000000000000000000000000000000100001010
 274 |        2 | t        | 0000000000000000000000000000000000000000000000000000000100010010
 290 |        2 | t        | 0000000000000000000000000000000000000000000000000000000100100010
 322 |        2 | t        | 0000000000000000000000000000000000000000000000000000000101000010
 386 |        2 | t        | 0000000000000000000000000000000000000000000000000000000110000010
(46 rows)

EXPLAIN (COSTS OFF)
SELECT a, a <->  10, a <@ ( 10, 1), int64_to_bitstring(a) FROM int8tmp_2 WHERE a <@ ( 10, 1) ORDER BY a <->  10 ASC, a ASC;
                        QUERY PLAN                         
-----------------------------------------------------------
 Sort
   Sort Key: ((a <-> '10'::bigint)), a
   ->  Index Only Scan using int8idx_2 on int8tmp_2
         Index Cond: (a <@ ROW('10'::bigint, '1'::bigint))
(4 rows)

EXPLAIN (COSTS OFF)
SELECT a, a <-> 100, a <@ (100, 1), int64_to_bitstring(a) FROM int8tmp_2 WHERE a <@ (100, 1) ORDER BY a <-> 100 ASC, a ASC;
                         QUERY PLAN                         
------------------------------------------------------------
 Sort
   Sort Key: ((a <-> '100'::bigint)), a
   ->  Index Only Scan using int8idx_2 on int8tmp_2
         Index Cond: (a <@ ROW('100'::bigint, '1'::bigint))
(4 rows)

EXPLAIN (COSTS OFF)
SELECT a, a <->   2, a <@ (  2, 1), int64_to_bitstring(a) FROM int8tmp_2 WHERE a <@ (  2, 1) ORDER BY a <->   2 ASC, a ASC;
                        QUERY PLAN                        
----------------------------------------------------------
 Sort
   Sort Key: ((a <-> '2'::bigint)), a
   ->  Index Only Scan using int8idx_2 on int8tmp_2
         Index Cond: (a <@ ROW('2'::bigint, '1'::bigint))
(4 rows)

EXPLAIN (COSTS OFF)
SELECT a, a <->  10, a <@ ( 10, 2), int64_to_bitstring(a) FROM int8tmp_2 WHERE a <@ ( 10, 2) ORDER BY a <->  10 ASC, a ASC;
                        QUERY PLAN                         
-----------------------------------------------------------
 Sort
   Sort Key: ((a <-> '10'::bigint)), a
   ->  Index Only Scan using int8idx_2 on int8tmp_2
         Index Cond: (a <@ ROW('10'::bigint, '2'::bigint))
(4 rows)

EXPLAIN (COSTS OFF)
SELECT a, a <-> 100, a <@ (100, 2), int64_to_bitstring(a) FROM int8tmp_2 WHERE a <@ (100, 2) ORDER BY a <-> 100 ASC, a ASC;
                         QUERY PLAN                         
------------------------------------------------------------
 Sort
   Sort Key: ((a <-> '100'::bigint)), a
   ->  Index Only Scan using int8idx_2 on int8tmp_2
         Index Cond: (a <@ ROW('100'::bigint, '2'::bigint))
(4 rows)

EXPLAIN (COSTS OFF)
SELECT a, a <->   2, a <@ (  2, 2), int64_to_bitstring(a) FROM int8tmp_2 WHERE a <@ (  2, 2) ORDER BY a <->   2 ASC, a ASC;
                        QUERY PLAN                        
----------------------------------------------------------
 Sort
   Sort Key: ((a <-> '2'::bigint)), a
   ->  Index Only Scan using int8idx_2 on int8tmp_2
         Index Cond: (a <@ ROW('2'::bigint, '2'::bigint))
(4 rows)

